total time (train set)	% mean class accuracy (train set)	
 8.1000e+01	 5.4473e+00	
 1.6200e+02	 5.9416e+00	
 2.4300e+02	 9.4114e+00	
 3.2400e+02	 9.3088e+00	
 4.0600e+02	 1.6547e+01	
 4.8700e+02	 1.6379e+01	
 5.6800e+02	 2.3309e+01	
 6.4900e+02	 2.0884e+01	
 7.3100e+02	 1.8245e+01	
 8.1200e+02	 2.4914e+01	
 8.9400e+02	 2.6098e+01	
 9.7500e+02	 3.1005e+01	
 1.0560e+03	 3.3486e+01	
 1.1380e+03	 3.9446e+01	
 1.2190e+03	 3.8187e+01	
 1.3010e+03	 3.5379e+01	
 1.3820e+03	 3.9166e+01	
 1.4640e+03	 3.9940e+01	
 1.5450e+03	 4.0836e+01	
 1.6270e+03	 4.5938e+01	
 1.7080e+03	 4.9221e+01	
 1.7900e+03	 4.6180e+01	
 1.8710e+03	 4.9482e+01	
 1.9530e+03	 4.9855e+01	
 2.0340e+03	 4.9865e+01	
 2.1160e+03	 5.2327e+01	
 2.1970e+03	 5.3661e+01	
 2.2790e+03	 5.3073e+01	
 2.3600e+03	 5.3857e+01	
 2.4420e+03	 5.3363e+01	
 2.5240e+03	 5.6319e+01	
 2.6050e+03	 5.8008e+01	
 2.6870e+03	 5.4612e+01	
 2.7680e+03	 5.5648e+01	
 2.8490e+03	 5.5722e+01	
 2.9310e+03	 5.4976e+01	
 3.0120e+03	 5.4090e+01	
 3.0930e+03	 5.5965e+01	
 3.1750e+03	 5.6664e+01	
 3.2560e+03	 5.4640e+01	
 3.3370e+03	 5.4696e+01	
 3.4190e+03	 5.5638e+01	
 3.5000e+03	 5.5704e+01	
 3.5810e+03	 5.6161e+01	
 3.6630e+03	 5.6497e+01	
 3.7440e+03	 5.6935e+01	
 3.8260e+03	 5.7010e+01	
 3.9070e+03	 5.8828e+01	
 3.9880e+03	 5.7970e+01	
 4.0700e+03	 5.8371e+01	
 4.1510e+03	 5.9593e+01	
 4.2320e+03	 6.0769e+01	
 4.3140e+03	 6.0013e+01	
 4.3950e+03	 5.8549e+01	
 4.4770e+03	 5.9799e+01	
 4.5580e+03	 5.9006e+01	
 4.6390e+03	 6.0144e+01	
 4.7210e+03	 6.1384e+01	
 4.8020e+03	 6.0797e+01	
 4.8830e+03	 6.2308e+01	
 4.9650e+03	 6.3240e+01	
 5.0460e+03	 6.3940e+01	
 5.1270e+03	 6.4229e+01	
 5.2090e+03	 6.3548e+01	
 5.2900e+03	 6.5805e+01	
 5.3710e+03	 6.4714e+01	
 5.4520e+03	 6.6421e+01	
 5.5340e+03	 6.4462e+01	
 5.6150e+03	 6.4854e+01	
 5.6960e+03	 6.4798e+01	
 5.7780e+03	 6.5376e+01	
 5.8590e+03	 6.5899e+01	
 5.9400e+03	 6.7634e+01	
 6.0220e+03	 6.6029e+01	
 6.1030e+03	 6.6701e+01	
 6.1840e+03	 6.7428e+01	
 6.2660e+03	 6.7065e+01	
 6.3470e+03	 6.7494e+01	
 6.4280e+03	 6.8995e+01	
 6.5090e+03	 7.0852e+01	
 6.5910e+03	 7.0395e+01	
 6.6720e+03	 6.9863e+01	
 6.7530e+03	 7.0143e+01	
 6.8350e+03	 7.0460e+01	
 6.9160e+03	 6.9723e+01	
 6.9970e+03	 7.0236e+01	
 7.0780e+03	 7.0926e+01	
 7.1600e+03	 7.1225e+01	
 7.2410e+03	 7.2381e+01	
 7.3220e+03	 7.1971e+01	
 7.4040e+03	 7.3025e+01	
 7.4850e+03	 7.1943e+01	
 7.5660e+03	 7.3053e+01	
 7.6470e+03	 7.3780e+01	
 7.7290e+03	 7.3641e+01	
 7.8100e+03	 7.4433e+01	
 7.8910e+03	 7.5431e+01	
 7.9730e+03	 7.5721e+01	
 8.0540e+03	 7.4900e+01	
 8.1350e+03	 7.5394e+01	
 8.2160e+03	 7.6271e+01	
 8.2980e+03	 7.6709e+01	
 8.3790e+03	 7.6318e+01	
 8.4610e+03	 7.5310e+01	
 8.5420e+03	 7.6588e+01	
 8.6230e+03	 7.6196e+01	
 8.7040e+03	 7.5842e+01	
 8.7850e+03	 7.5860e+01	
 8.8670e+03	 7.7623e+01	
 8.9480e+03	 7.8612e+01	
 9.0290e+03	 7.7110e+01	
 9.1100e+03	 7.7399e+01	
 9.1910e+03	 7.7819e+01	
 9.2730e+03	 7.8276e+01	
 9.3540e+03	 7.8911e+01	
 9.4350e+03	 7.9237e+01	
 9.5160e+03	 7.8668e+01	
 9.5980e+03	 7.8957e+01	
 9.6790e+03	 7.8584e+01	
 9.7600e+03	 7.9078e+01	
 9.8410e+03	 7.9498e+01	
 9.9230e+03	 7.9125e+01	
 1.0004e+04	 7.9610e+01	
 1.0085e+04	 7.9713e+01	
 1.0166e+04	 8.0683e+01	
 1.0247e+04	 8.0785e+01	
 1.0329e+04	 8.1354e+01	
 1.0410e+04	 8.2082e+01	
 1.0491e+04	 8.2212e+01	
 1.0572e+04	 8.1671e+01	
 1.0653e+04	 8.2390e+01	
 1.0735e+04	 8.2082e+01	
 1.0816e+04	 8.2418e+01	
 1.0897e+04	 8.2166e+01	
 1.0978e+04	 8.2296e+01	
 1.1059e+04	 8.2240e+01	
 1.1141e+04	 8.2865e+01	
 1.1222e+04	 8.3285e+01	
 1.1303e+04	 8.3481e+01	
 1.1384e+04	 8.3826e+01	
 1.1465e+04	 8.3444e+01	
 1.1547e+04	 8.3397e+01	
 1.1628e+04	 8.4209e+01	
 1.1709e+04	 8.3957e+01	
 1.1790e+04	 8.4302e+01	
 1.1871e+04	 8.3537e+01	
 1.1952e+04	 8.3938e+01	
 1.2034e+04	 8.4889e+01	
 1.2115e+04	 8.4153e+01	
 1.2196e+04	 8.5113e+01	
 1.2277e+04	 8.5412e+01	
 1.2359e+04	 8.5981e+01	
 1.2440e+04	 8.6848e+01	
 1.2521e+04	 8.6065e+01	
 1.2603e+04	 8.6242e+01	
 1.2684e+04	 8.6186e+01	
 1.2765e+04	 8.5738e+01	
 1.2846e+04	 8.6522e+01	
 1.2927e+04	 8.6895e+01	
 1.3008e+04	 8.7650e+01	
 1.3089e+04	 8.6606e+01	
 1.3171e+04	 8.6522e+01	
 1.3252e+04	 8.7007e+01	
 1.3333e+04	 8.7053e+01	
 1.3414e+04	 8.6429e+01	
 1.3495e+04	 8.6419e+01	
 1.3576e+04	 8.6792e+01	
 1.3657e+04	 8.7408e+01	
 1.3738e+04	 8.7100e+01	
 1.3820e+04	 8.7025e+01	
 1.3901e+04	 8.7772e+01	
 1.3982e+04	 8.8042e+01	
 1.4063e+04	 8.8051e+01	
 1.4144e+04	 8.7529e+01	
 1.4225e+04	 8.8033e+01	
 1.4306e+04	 8.7921e+01	
 1.4387e+04	 8.8564e+01	
 1.4468e+04	 8.7324e+01	
 1.4549e+04	 8.7025e+01	
 1.4630e+04	 8.7193e+01	
 1.4711e+04	 8.7436e+01	
 1.4792e+04	 8.7529e+01	
 1.4874e+04	 8.7538e+01	
 1.4955e+04	 8.8079e+01	
 1.5036e+04	 8.8219e+01	
 1.5117e+04	 8.8145e+01	
 1.5198e+04	 8.8089e+01	
 1.5279e+04	 8.8882e+01	
 1.5360e+04	 8.8546e+01	
 1.5441e+04	 8.8509e+01	
 1.5522e+04	 8.8285e+01	
 1.5603e+04	 8.8499e+01	
 1.5684e+04	 8.9022e+01	
 1.5765e+04	 8.8723e+01	
 1.5846e+04	 8.8387e+01	
 1.5927e+04	 8.8229e+01	
 1.6009e+04	 8.8089e+01	
 1.6090e+04	 8.8471e+01	
 1.6171e+04	 8.9329e+01	
 1.6252e+04	 8.9488e+01	
 1.6333e+04	 8.9898e+01	
 1.6414e+04	 8.9777e+01	
 1.6495e+04	 8.9824e+01	
 1.6576e+04	 8.9805e+01	
 1.6657e+04	 9.0160e+01	
 1.6738e+04	 9.0104e+01	
 1.6819e+04	 8.9852e+01	
 1.6900e+04	 9.0299e+01	
 1.6981e+04	 8.9581e+01	
 1.7062e+04	 8.9833e+01	
 1.7143e+04	 9.0225e+01	
 1.7224e+04	 8.9973e+01	
 1.7306e+04	 9.0197e+01	
 1.7387e+04	 9.0178e+01	
 1.7468e+04	 9.0132e+01	
 1.7549e+04	 9.0327e+01	
 1.7630e+04	 9.0383e+01	
 1.7711e+04	 9.0467e+01	
 1.7792e+04	 8.9646e+01	
 1.7873e+04	 8.9488e+01	
 1.7954e+04	 8.9982e+01	
 1.8035e+04	 8.9619e+01	
 1.8116e+04	 8.9908e+01	
 1.8197e+04	 9.0187e+01	
 1.8278e+04	 9.0104e+01	
 1.8359e+04	 9.0038e+01	
 1.8440e+04	 9.0346e+01	
 1.8521e+04	 9.0663e+01	
 1.8602e+04	 9.0402e+01	
 1.8683e+04	 9.0523e+01	
 1.8764e+04	 9.0700e+01	
 1.8845e+04	 9.0700e+01	
 1.8926e+04	 9.0990e+01	
 1.9007e+04	 9.0868e+01	
 1.9088e+04	 9.0393e+01	
 1.9169e+04	 9.0719e+01	
 1.9250e+04	 9.0990e+01	
 1.9332e+04	 9.1046e+01	
 1.9413e+04	 9.1279e+01	
 1.9494e+04	 9.0896e+01	
 1.9575e+04	 9.1008e+01	
 1.9656e+04	 9.1251e+01	
 1.9737e+04	 9.1055e+01	
 1.9818e+04	 9.1587e+01	
 1.9899e+04	 9.1829e+01	
 1.9980e+04	 9.1531e+01	
 2.0061e+04	 9.1755e+01	
 2.0142e+04	 9.1419e+01	
 2.0223e+04	 9.1577e+01	
 2.0304e+04	 9.2006e+01	
 2.0385e+04	 9.2006e+01	
 2.0466e+04	 9.1764e+01	
 2.0547e+04	 9.1559e+01	
 2.0628e+04	 9.1139e+01	
 2.0709e+04	 9.1801e+01	
 2.0790e+04	 9.1596e+01	
 2.0871e+04	 9.1587e+01	
 2.0952e+04	 9.1232e+01	
 2.1033e+04	 9.1176e+01	
 2.1114e+04	 9.0934e+01	
 2.1195e+04	 9.1027e+01	
 2.1276e+04	 9.1204e+01	
 2.1358e+04	 9.1036e+01	
 2.1439e+04	 9.1260e+01	
 2.1520e+04	 9.1223e+01	
 2.1601e+04	 9.1727e+01	
 2.1682e+04	 9.1922e+01	
 2.1763e+04	 9.1857e+01	
 2.1844e+04	 9.2044e+01	
 2.1925e+04	 9.1624e+01	
 2.2006e+04	 9.1689e+01	
 2.2087e+04	 9.1820e+01	
 2.2168e+04	 9.2118e+01	
 2.2249e+04	 9.1549e+01	
 2.2330e+04	 9.2351e+01	
 2.2411e+04	 9.2118e+01	
 2.2492e+04	 9.1894e+01	
 2.2573e+04	 9.2566e+01	
 2.2655e+04	 9.2034e+01	
 2.2736e+04	 9.2230e+01	
 2.2817e+04	 9.1969e+01	
 2.2898e+04	 9.2482e+01	
 2.2979e+04	 9.2379e+01	
 2.3060e+04	 9.2417e+01	
 2.3141e+04	 9.2687e+01	
 2.3222e+04	 9.2361e+01	
 2.3303e+04	 9.2986e+01	
 2.3384e+04	 9.3004e+01	
 2.3465e+04	 9.3032e+01	
 2.3546e+04	 9.2529e+01	
 2.3627e+04	 9.3210e+01	
 2.3708e+04	 9.3126e+01	
 2.3789e+04	 9.3014e+01	
 2.3870e+04	 9.2920e+01	
 2.3951e+04	 9.3377e+01	
 2.4032e+04	 9.3238e+01	
 2.4113e+04	 9.3042e+01	
 2.4194e+04	 9.2855e+01	
 2.4275e+04	 9.2930e+01	
 2.4356e+04	 9.3424e+01	
 2.4437e+04	 9.3032e+01	
 2.4519e+04	 9.2920e+01	
 2.4600e+04	 9.3377e+01	
 2.4681e+04	 9.3275e+01	
 2.4762e+04	 9.3424e+01	
 2.4843e+04	 9.3676e+01	
 2.4924e+04	 9.3312e+01	
 2.5005e+04	 9.3182e+01	
 2.5086e+04	 9.3303e+01	
 2.5167e+04	 9.3517e+01	
 2.5248e+04	 9.3536e+01	
 2.5329e+04	 9.3471e+01	
 2.5410e+04	 9.3760e+01	
 2.5491e+04	 9.2986e+01	
 2.5572e+04	 9.3545e+01	
 2.5653e+04	 9.3835e+01	
 2.5734e+04	 9.3695e+01	
 2.5815e+04	 9.4133e+01	
 2.5896e+04	 9.3835e+01	
 2.5977e+04	 9.4012e+01	
 2.6058e+04	 9.3881e+01	
 2.6139e+04	 9.3909e+01	
 2.6220e+04	 9.4404e+01	
 2.6301e+04	 9.4469e+01	
 2.6382e+04	 9.4320e+01	
 2.6463e+04	 9.4683e+01	
 2.6544e+04	 9.4562e+01	
 2.6626e+04	 9.4917e+01	
 2.6707e+04	 9.5243e+01	
 2.6788e+04	 9.4851e+01	
 2.6869e+04	 9.4655e+01	
 2.6950e+04	 9.4721e+01	
 2.7031e+04	 9.4870e+01	
 2.7112e+04	 9.4702e+01	
 2.7193e+04	 9.5187e+01	
 2.7274e+04	 9.5075e+01	
 2.7355e+04	 9.5523e+01	
 2.7436e+04	 9.5364e+01	
 2.7517e+04	 9.5168e+01	
 2.7598e+04	 9.5476e+01	
 2.7679e+04	 9.4972e+01	
 2.7760e+04	 9.5150e+01	
 2.7841e+04	 9.5607e+01	
 2.7922e+04	 9.5364e+01	
 2.8003e+04	 9.5448e+01	
 2.8084e+04	 9.5346e+01	
 2.8165e+04	 9.5234e+01	
 2.8246e+04	 9.5513e+01	
 2.8328e+04	 9.5523e+01	
 2.8409e+04	 9.5747e+01	
 2.8490e+04	 9.5728e+01	
 2.8571e+04	 9.5803e+01	
 2.8652e+04	 9.5793e+01	
 2.8733e+04	 9.5831e+01	
 2.8814e+04	 9.5896e+01	
 2.8895e+04	 9.6017e+01	
 2.8976e+04	 9.5747e+01	
 2.9057e+04	 9.6278e+01	
 2.9138e+04	 9.6213e+01	
 2.9219e+04	 9.6213e+01	
 2.9300e+04	 9.6138e+01	
 2.9381e+04	 9.6409e+01	
 2.9462e+04	 9.6484e+01	
 2.9543e+04	 9.6418e+01	
 2.9624e+04	 9.6418e+01	
 2.9705e+04	 9.6540e+01	
 2.9786e+04	 9.6297e+01	
 2.9867e+04	 9.6679e+01	
 2.9948e+04	 9.6558e+01	
 3.0029e+04	 9.6838e+01	
 3.0110e+04	 9.6773e+01	
 3.0191e+04	 9.6540e+01	
 3.0272e+04	 9.6791e+01	
 3.0353e+04	 9.6801e+01	
 3.0435e+04	 9.6801e+01	
 3.0516e+04	 9.7286e+01	
 3.0597e+04	 9.7183e+01	
 3.0678e+04	 9.7108e+01	
 3.0759e+04	 9.6913e+01	
 3.0840e+04	 9.6987e+01	
 3.0921e+04	 9.7211e+01	
 3.1002e+04	 9.7136e+01	
 3.1083e+04	 9.7155e+01	
 3.1164e+04	 9.7053e+01	
 3.1245e+04	 9.6987e+01	
 3.1326e+04	 9.6941e+01	
 3.1407e+04	 9.7267e+01	
 3.1488e+04	 9.6969e+01	
 3.1569e+04	 9.7435e+01	
 3.1650e+04	 9.7108e+01	
 3.1731e+04	 9.7314e+01	
 3.1812e+04	 9.7108e+01	
 3.1893e+04	 9.7183e+01	
 3.1974e+04	 9.7164e+01	
 3.2055e+04	 9.7360e+01	
 3.2136e+04	 9.7631e+01	
 3.2217e+04	 9.7575e+01	
 3.2298e+04	 9.7547e+01	
 3.2379e+04	 9.7649e+01	
 3.2460e+04	 9.7594e+01	
 3.2542e+04	 9.7407e+01	
 3.2623e+04	 9.7547e+01	
 3.2704e+04	 9.7631e+01	
 3.2785e+04	 9.7668e+01	
 3.2866e+04	 9.7677e+01	
 3.2947e+04	 9.7761e+01	
 3.3028e+04	 9.7696e+01	
 3.3109e+04	 9.7789e+01	
 3.3190e+04	 9.7780e+01	
 3.3271e+04	 9.7705e+01	
 3.3352e+04	 9.7845e+01	
 3.3433e+04	 9.7780e+01	
 3.3514e+04	 9.7724e+01	
 3.3595e+04	 9.7631e+01	
 3.3676e+04	 9.8023e+01	
 3.3757e+04	 9.7985e+01	
 3.3838e+04	 9.7939e+01	
 3.3919e+04	 9.7733e+01	
 3.4000e+04	 9.7892e+01	
 3.4081e+04	 9.7957e+01	
 3.4162e+04	 9.8088e+01	
 3.4243e+04	 9.7883e+01	
 3.4324e+04	 9.8004e+01	
 3.4405e+04	 9.8069e+01	
 3.4486e+04	 9.8116e+01	
 3.4568e+04	 9.8023e+01	
 3.4649e+04	 9.7883e+01	
 3.4730e+04	 9.8218e+01	
 3.4811e+04	 9.8321e+01	
 3.4892e+04	 9.8190e+01	
 3.4973e+04	 9.8377e+01	
 3.5054e+04	 9.8144e+01	
 3.5135e+04	 9.8274e+01	
 3.5216e+04	 9.8218e+01	
 3.5297e+04	 9.7939e+01	
 3.5378e+04	 9.7948e+01	
 3.5459e+04	 9.8097e+01	
 3.5540e+04	 9.8246e+01	
 3.5621e+04	 9.8200e+01	
 3.5702e+04	 9.8592e+01	
 3.5783e+04	 9.8200e+01	
 3.5864e+04	 9.8032e+01	
 3.5945e+04	 9.8312e+01	
 3.6026e+04	 9.8312e+01	
 3.6107e+04	 9.8228e+01	
 3.6188e+04	 9.8396e+01	
 3.6269e+04	 9.8470e+01	
 3.6350e+04	 9.8265e+01	
 3.6431e+04	 9.8414e+01	
 3.6512e+04	 9.8330e+01	
 3.6593e+04	 9.8414e+01	
 3.6674e+04	 9.8489e+01	
 3.6755e+04	 9.8358e+01	
 3.6836e+04	 9.8274e+01	
 3.6917e+04	 9.8564e+01	
 3.6998e+04	 9.8377e+01	
 3.7079e+04	 9.8274e+01	
 3.7161e+04	 9.8237e+01	
 3.7242e+04	 9.8265e+01	
 3.7323e+04	 9.8330e+01	
 3.7404e+04	 9.8442e+01	
 3.7485e+04	 9.8377e+01	
 3.7566e+04	 9.7957e+01	
 3.7647e+04	 9.8349e+01	
 3.7728e+04	 9.8368e+01	
 3.7809e+04	 9.8536e+01	
 3.7890e+04	 9.8452e+01	
 3.7971e+04	 9.8358e+01	
 3.8052e+04	 9.8265e+01	
 3.8133e+04	 9.8461e+01	
 3.8214e+04	 9.8442e+01	
 3.8295e+04	 9.8703e+01	
 3.8376e+04	 9.8461e+01	
 3.8457e+04	 9.8386e+01	
 3.8538e+04	 9.8629e+01	
 3.8619e+04	 9.8489e+01	
 3.8700e+04	 9.8694e+01	
 3.8781e+04	 9.8592e+01	
 3.8862e+04	 9.8629e+01	
 3.8943e+04	 9.8657e+01	
 3.9024e+04	 9.8414e+01	
 3.9105e+04	 9.8554e+01	
 3.9186e+04	 9.8573e+01	
 3.9267e+04	 9.8806e+01	
 3.9348e+04	 9.8834e+01	
 3.9429e+04	 9.8722e+01	
 3.9510e+04	 9.8731e+01	
 3.9591e+04	 9.6866e+01	
 3.9672e+04	 9.8060e+01	
 3.9753e+04	 9.8293e+01	
 3.9835e+04	 9.8526e+01	
 3.9916e+04	 9.8396e+01	
 3.9997e+04	 9.8302e+01	
 4.0078e+04	 9.8517e+01	
 4.0159e+04	 9.8666e+01	
 4.0240e+04	 9.8685e+01	
 4.0321e+04	 9.8564e+01	
 4.0402e+04	 9.8396e+01	
 4.0483e+04	 9.8703e+01	
 4.0564e+04	 9.8470e+01	
 4.0645e+04	 9.8601e+01	
 4.0726e+04	 9.8526e+01	
 4.0807e+04	 9.8797e+01	
 4.0888e+04	 9.8554e+01	
 4.0969e+04	 9.8592e+01	
 4.1050e+04	 9.8666e+01	
 4.1131e+04	 9.8759e+01	
 4.1212e+04	 9.8675e+01	
 4.1293e+04	 9.9123e+01	
 4.1374e+04	 9.8890e+01	
 4.1455e+04	 9.8806e+01	
 4.1536e+04	 9.8881e+01	
 4.1617e+04	 9.8722e+01	
 4.1698e+04	 9.8843e+01	
 4.1779e+04	 9.8825e+01	
 4.1860e+04	 9.8983e+01	
 4.1941e+04	 9.8778e+01	
 4.2022e+04	 9.8769e+01	
 4.2103e+04	 9.9039e+01	
 4.2184e+04	 9.9058e+01	
 4.2265e+04	 9.9030e+01	
 4.2346e+04	 9.8918e+01	
 4.2428e+04	 9.8946e+01	
 4.2509e+04	 9.9049e+01	
 4.2590e+04	 9.8993e+01	
 4.2671e+04	 9.8834e+01	
 4.2752e+04	 9.8862e+01	
 4.2833e+04	 9.8862e+01	
 4.2914e+04	 9.8983e+01	
 4.2995e+04	 9.8853e+01	
 4.3076e+04	 9.8797e+01	
 4.3157e+04	 9.9086e+01	
 4.3238e+04	 9.8927e+01	
 4.3319e+04	 9.8983e+01	
 4.3400e+04	 9.9030e+01	
 4.3481e+04	 9.9021e+01	
 4.3562e+04	 9.8937e+01	
 4.3643e+04	 9.8862e+01	
 4.3724e+04	 9.8881e+01	
 4.3805e+04	 9.9077e+01	
 4.3886e+04	 9.8937e+01	
 4.3967e+04	 9.8787e+01	
 4.4048e+04	 9.9021e+01	
 4.4129e+04	 9.9133e+01	
 4.4210e+04	 9.9011e+01	
 4.4291e+04	 9.9058e+01	
 4.4372e+04	 9.8694e+01	
 4.4454e+04	 9.9161e+01	
 4.4535e+04	 9.9011e+01	
 4.4616e+04	 9.9095e+01	
 4.4697e+04	 9.8834e+01	
 4.4778e+04	 9.8918e+01	
 4.4859e+04	 9.8974e+01	
 4.4940e+04	 9.8983e+01	
 4.5021e+04	 9.9133e+01	
 4.5102e+04	 9.9263e+01	
 4.5183e+04	 9.8974e+01	
 4.5264e+04	 9.8834e+01	
 4.5345e+04	 9.8825e+01	
 4.5426e+04	 9.9058e+01	
 4.5507e+04	 9.9114e+01	
 4.5588e+04	 9.9235e+01	
 4.5669e+04	 9.8965e+01	
 4.5750e+04	 9.8825e+01	
 4.5831e+04	 9.8918e+01	
 4.5912e+04	 9.8825e+01	
 4.5993e+04	 9.9002e+01	
 4.6074e+04	 9.8806e+01	
 4.6155e+04	 9.9105e+01	
 4.6236e+04	 9.9142e+01	
 4.6317e+04	 9.9039e+01	
 4.6398e+04	 9.9030e+01	
 4.6479e+04	 9.9207e+01	
 4.6560e+04	 9.9216e+01	
 4.6642e+04	 9.9198e+01	
 4.6723e+04	 9.9002e+01	
 4.6804e+04	 9.9077e+01	
 4.6885e+04	 9.8871e+01	
 4.6966e+04	 9.9133e+01	
 4.7047e+04	 9.9254e+01	
 4.7128e+04	 9.9133e+01	
 4.7209e+04	 9.9039e+01	
 4.7290e+04	 9.9095e+01	
 4.7371e+04	 9.9151e+01	
 4.7452e+04	 9.9450e+01	
 4.7533e+04	 9.9291e+01	
 4.7614e+04	 9.9142e+01	
 4.7695e+04	 9.9198e+01	
 4.7776e+04	 9.9049e+01	
 4.7857e+04	 9.9179e+01	
 4.7938e+04	 9.9123e+01	
 4.8019e+04	 9.9123e+01	
 4.8100e+04	 9.9123e+01	
 4.8181e+04	 9.8974e+01	
 4.8262e+04	 9.9142e+01	
 4.8343e+04	 9.9002e+01	
 4.8424e+04	 9.9021e+01	
 4.8505e+04	 9.9030e+01	
 4.8586e+04	 9.9011e+01	
 4.8667e+04	 9.9189e+01	
 4.8749e+04	 9.9142e+01	
 4.8830e+04	 9.9263e+01	
 4.8911e+04	 9.9151e+01	
 4.8992e+04	 9.9226e+01	
 4.9073e+04	 9.9114e+01	
 4.9154e+04	 9.9226e+01	
 4.9235e+04	 9.9235e+01	
 4.9316e+04	 9.9011e+01	
 4.9397e+04	 9.9049e+01	
 4.9478e+04	 9.9021e+01	
 4.9559e+04	 9.9095e+01	
 4.9640e+04	 9.9300e+01	
 4.9721e+04	 9.9049e+01	
 4.9802e+04	 9.9189e+01	
 4.9883e+04	 9.9347e+01	
 4.9964e+04	 9.9300e+01	
 5.0045e+04	 9.9300e+01	
 5.0126e+04	 9.8983e+01	
 5.0207e+04	 9.9226e+01	
 5.0288e+04	 9.9459e+01	
 5.0369e+04	 9.9338e+01	
 5.0450e+04	 9.9161e+01	
 5.0531e+04	 9.9310e+01	
 5.0612e+04	 9.9366e+01	
 5.0693e+04	 9.9403e+01	
 5.0774e+04	 9.9291e+01	
 5.0855e+04	 9.9086e+01	
 5.0937e+04	 9.9170e+01	
 5.1018e+04	 9.9263e+01	
 5.1099e+04	 9.9151e+01	
 5.1180e+04	 9.9244e+01	
 5.1261e+04	 9.9319e+01	
 5.1342e+04	 9.9431e+01	
 5.1423e+04	 9.9133e+01	
 5.1504e+04	 9.9198e+01	
 5.1585e+04	 9.9272e+01	
 5.1666e+04	 9.9356e+01	
 5.1747e+04	 9.9347e+01	
 5.1828e+04	 9.9319e+01	
 5.1909e+04	 9.9198e+01	
 5.1990e+04	 9.9161e+01	
 5.2071e+04	 9.9179e+01	
 5.2152e+04	 9.9347e+01	
 5.2233e+04	 9.9282e+01	
 5.2314e+04	 9.9244e+01	
 5.2395e+04	 9.9216e+01	
 5.2476e+04	 9.9328e+01	
 5.2557e+04	 9.9282e+01	
 5.2638e+04	 9.9198e+01	
 5.2720e+04	 9.9095e+01	
 5.2801e+04	 9.9226e+01	
 5.2882e+04	 9.9170e+01	
 5.2963e+04	 9.9244e+01	
 5.3044e+04	 9.9151e+01	
 5.3125e+04	 9.9161e+01	
 5.3206e+04	 9.9310e+01	
 5.3287e+04	 9.9235e+01	
 5.3368e+04	 9.9356e+01	
 5.3449e+04	 9.9263e+01	
 5.3530e+04	 9.9394e+01	
 5.3611e+04	 9.9011e+01	
 5.3692e+04	 9.9207e+01	
 5.3773e+04	 9.9216e+01	
 5.3854e+04	 9.9394e+01	
 5.3935e+04	 9.9412e+01	
 5.4016e+04	 9.9347e+01	
 5.4097e+04	 9.9254e+01	
 5.4178e+04	 9.9198e+01	
 5.4259e+04	 9.9356e+01	
 5.4340e+04	 9.9254e+01	
 5.4421e+04	 9.9207e+01	
 5.4502e+04	 9.9459e+01	
 5.4583e+04	 9.9310e+01	
 5.4665e+04	 9.9216e+01	
 5.4746e+04	 9.9328e+01	
 5.4827e+04	 9.9282e+01	
 5.4908e+04	 9.9338e+01	
 5.4989e+04	 9.9291e+01	
 5.5070e+04	 9.9216e+01	
 5.5151e+04	 9.9133e+01	
 5.5232e+04	 9.9412e+01	
 5.5313e+04	 9.9394e+01	
 5.5394e+04	 9.9356e+01	
 5.5475e+04	 9.9300e+01	
 5.5556e+04	 9.9189e+01	
 5.5637e+04	 9.9366e+01	
 5.5718e+04	 9.9468e+01	
 5.5799e+04	 9.9235e+01	
 5.5880e+04	 9.9300e+01	
 5.5961e+04	 9.9235e+01	
 5.6042e+04	 9.9319e+01	
 5.6123e+04	 9.9356e+01	
 5.6204e+04	 9.9319e+01	
 5.6286e+04	 9.9198e+01	
 5.6367e+04	 9.9347e+01	
 5.6448e+04	 9.9291e+01	
 5.6529e+04	 9.9282e+01	
 5.6610e+04	 9.9422e+01	
 5.6691e+04	 9.9440e+01	
 5.6772e+04	 9.9580e+01	
 5.6853e+04	 9.9506e+01	
 5.6934e+04	 9.9487e+01	
 5.7015e+04	 9.9403e+01	
 5.7096e+04	 9.9384e+01	
 5.7177e+04	 9.9403e+01	
 5.7258e+04	 9.9319e+01	
 5.7339e+04	 9.9291e+01	
 5.7420e+04	 9.9375e+01	
 5.7501e+04	 9.9310e+01	
 5.7582e+04	 9.9328e+01	
 5.7663e+04	 9.9347e+01	
 5.7744e+04	 9.9319e+01	
 5.7825e+04	 9.9338e+01	
 5.7906e+04	 9.9310e+01	
 5.7987e+04	 9.9431e+01	
 5.8069e+04	 9.9282e+01	
 5.8150e+04	 9.9310e+01	
 5.8231e+04	 9.9105e+01	
 5.8312e+04	 9.9328e+01	
 5.8393e+04	 9.9254e+01	
 5.8474e+04	 9.9375e+01	
 5.8555e+04	 9.9440e+01	
 5.8636e+04	 9.9272e+01	
 5.8717e+04	 9.9524e+01	
 5.8798e+04	 9.9319e+01	
 5.8879e+04	 9.9394e+01	
 5.8960e+04	 9.9347e+01	
 5.9041e+04	 9.9366e+01	
 5.9122e+04	 9.9468e+01	
 5.9203e+04	 9.9394e+01	
 5.9284e+04	 9.9272e+01	
 5.9365e+04	 9.9534e+01	
 5.9446e+04	 9.9272e+01	
 5.9527e+04	 9.9338e+01	
 5.9608e+04	 9.9319e+01	
 5.9689e+04	 9.9142e+01	
 5.9770e+04	 9.9487e+01	
 5.9851e+04	 9.9375e+01	
 5.9932e+04	 9.9440e+01	
 6.0013e+04	 9.9552e+01	
 6.0094e+04	 9.9450e+01	
 6.0176e+04	 9.9506e+01	
 6.0257e+04	 9.9562e+01	
 6.0338e+04	 9.9272e+01	
 6.0419e+04	 9.9384e+01	
 6.0500e+04	 9.9431e+01	
 6.0581e+04	 9.9496e+01	
 6.0662e+04	 9.9515e+01	
 6.0743e+04	 9.9356e+01	
 6.0824e+04	 9.9366e+01	
 6.0905e+04	 9.9394e+01	
 6.0986e+04	 9.9394e+01	
 6.1067e+04	 9.9459e+01	
 6.1148e+04	 9.9384e+01	
 6.1229e+04	 9.9506e+01	
 6.1310e+04	 9.9571e+01	
 6.1391e+04	 9.9366e+01	
 6.1472e+04	 9.9412e+01	
 6.1553e+04	 9.9440e+01	
 6.1634e+04	 9.9366e+01	
 6.1716e+04	 9.9543e+01	
 6.1797e+04	 9.9412e+01	
 6.1878e+04	 9.9356e+01	
 6.1959e+04	 9.9384e+01	
 6.2040e+04	 9.9422e+01	
 6.2121e+04	 9.9440e+01	
 6.2202e+04	 9.9403e+01	
 6.2283e+04	 9.9431e+01	
 6.2364e+04	 9.9459e+01	
 6.2445e+04	 9.9422e+01	
 6.2526e+04	 9.9487e+01	
 6.2607e+04	 9.9515e+01	
 6.2688e+04	 9.9636e+01	
 6.2769e+04	 9.9384e+01	
 6.2850e+04	 9.9328e+01	
 6.2931e+04	 9.9403e+01	
 6.3012e+04	 9.9515e+01	
 6.3102e+04	 9.9431e+01	
 6.3184e+04	 9.9496e+01	
 6.3265e+04	 9.9384e+01	
 6.3346e+04	 9.9468e+01	
 6.3427e+04	 9.9571e+01	
 6.3508e+04	 9.9375e+01	
 6.3589e+04	 9.9506e+01	
 6.3670e+04	 9.9655e+01	
 6.3751e+04	 9.9543e+01	
 6.3832e+04	 9.9534e+01	
 6.3913e+04	 9.9366e+01	
 6.3994e+04	 9.9412e+01	
 6.4075e+04	 9.9524e+01	
 6.4156e+04	 9.9506e+01	
 6.4237e+04	 9.9552e+01	
 6.4318e+04	 9.9310e+01	
 6.4399e+04	 9.9552e+01	
 6.4480e+04	 9.9562e+01	
 6.4561e+04	 9.9692e+01	
 6.4643e+04	 9.9487e+01	
 6.4724e+04	 9.9403e+01	
 6.4805e+04	 9.9590e+01	
 6.4886e+04	 9.9366e+01	
 6.4967e+04	 9.9338e+01	
 6.5048e+04	 9.9468e+01	
 6.5129e+04	 9.9506e+01	
 6.5210e+04	 9.9375e+01	
 6.5291e+04	 9.9580e+01	
 6.5372e+04	 9.9487e+01	
 6.5453e+04	 9.9366e+01	
 6.5534e+04	 9.9478e+01	
 6.5615e+04	 9.9580e+01	
 6.5696e+04	 9.9534e+01	
 6.5777e+04	 9.9431e+01	
 6.5858e+04	 9.9468e+01	
 6.5939e+04	 9.9347e+01	
 6.6020e+04	 9.9496e+01	
 6.6101e+04	 9.9319e+01	
 6.6182e+04	 9.9338e+01	
 6.6263e+04	 9.9440e+01	
 6.6344e+04	 9.9254e+01	
 6.6426e+04	 9.9431e+01	
 6.6507e+04	 9.9291e+01	
 6.6588e+04	 9.9515e+01	
 6.6669e+04	 9.9562e+01	
 6.6750e+04	 9.9487e+01	
 6.6831e+04	 9.9431e+01	
 6.6912e+04	 9.9384e+01	
 6.6993e+04	 9.9478e+01	
 6.7074e+04	 9.9412e+01	
 6.7155e+04	 9.9590e+01	
 6.7236e+04	 9.9580e+01	
 6.7317e+04	 9.9599e+01	
 6.7398e+04	 9.9338e+01	
 6.7479e+04	 9.9627e+01	
 6.7560e+04	 9.9310e+01	
 6.7641e+04	 9.9599e+01	
 6.7722e+04	 9.9394e+01	
 6.7803e+04	 9.9394e+01	
 6.7884e+04	 9.9478e+01	
 6.7965e+04	 9.9552e+01	
 6.8046e+04	 9.9506e+01	
 6.8127e+04	 9.9431e+01	
 6.8209e+04	 9.9562e+01	
 6.8290e+04	 9.9272e+01	
 6.8371e+04	 9.9459e+01	
 6.8452e+04	 9.9534e+01	
 6.8533e+04	 9.9459e+01	
 6.8614e+04	 9.9655e+01	
 6.8695e+04	 9.9506e+01	
 6.8776e+04	 9.9608e+01	
 6.8857e+04	 9.9468e+01	
 6.8938e+04	 9.9655e+01	
 6.9019e+04	 9.9412e+01	
 6.9100e+04	 9.9459e+01	
 6.9181e+04	 9.9487e+01	
 6.9262e+04	 9.9440e+01	
 6.9343e+04	 9.9440e+01	
 6.9424e+04	 9.9431e+01	
 6.9505e+04	 9.9366e+01	
 6.9586e+04	 9.9394e+01	
 6.9667e+04	 9.9356e+01	
 6.9748e+04	 9.9506e+01	
 6.9830e+04	 9.9450e+01	
 6.9911e+04	 9.9515e+01	
 6.9992e+04	 9.9646e+01	
 7.0073e+04	 9.9412e+01	
 7.0154e+04	 9.9590e+01	
 7.0235e+04	 9.9552e+01	
 7.0316e+04	 9.9571e+01	
 7.0397e+04	 9.9478e+01	
 7.0478e+04	 9.9515e+01	
 7.0559e+04	 9.9552e+01	
 7.0640e+04	 9.9524e+01	
 7.0721e+04	 9.9534e+01	
 7.0802e+04	 9.9580e+01	
 7.0883e+04	 9.9422e+01	
 7.0964e+04	 9.9431e+01	
 7.1045e+04	 9.9543e+01	
 7.1126e+04	 9.9571e+01	
 7.1207e+04	 9.9440e+01	
 7.1289e+04	 9.9440e+01	
 7.1370e+04	 9.9599e+01	
 7.1451e+04	 9.9562e+01	
 7.1532e+04	 9.9487e+01	
 7.1613e+04	 9.9170e+01	
 7.1694e+04	 9.9478e+01	
 7.1775e+04	 9.9403e+01	
 7.1856e+04	 9.9562e+01	
 7.1937e+04	 9.9543e+01	
 7.2018e+04	 9.9580e+01	
 7.2099e+04	 9.9571e+01	
 7.2180e+04	 9.9599e+01	
 7.2261e+04	 9.9618e+01	
 7.2342e+04	 9.9562e+01	
 7.2423e+04	 9.9524e+01	
 7.2504e+04	 9.9543e+01	
 7.2585e+04	 9.9534e+01	
 7.2666e+04	 9.9468e+01	
 7.2747e+04	 9.9562e+01	
 7.2828e+04	 9.9636e+01	
 7.2909e+04	 9.9496e+01	
 7.2990e+04	 9.9599e+01	
 7.3072e+04	 9.9506e+01	
 7.3153e+04	 9.9422e+01	
 7.3234e+04	 9.9450e+01	
 7.3315e+04	 9.9664e+01	
 7.3396e+04	 9.9524e+01	
 7.3477e+04	 9.9431e+01	
 7.3558e+04	 9.9478e+01	
 7.3639e+04	 9.9627e+01	
 7.3721e+04	 9.9515e+01	
